Log file open, 04/04/20 18:26:11
LogWindows: Failed to load 'aqProf.dll' (GetLastError=126)
LogWindows: File 'aqProf.dll' does not exist
LogWindows: Failed to load 'VtuneApi.dll' (GetLastError=126)
LogWindows: File 'VtuneApi.dll' does not exist
LogWindows: Failed to load 'VtuneApi32e.dll' (GetLastError=126)
LogWindows: File 'VtuneApi32e.dll' does not exist
LogConsoleResponse: Display: Failed to find resolution value strings in scalability ini. Falling back to default.
LogInit: Display: Running engine for game: Project0
LogPlatformFile: Not using cached read wrapper
LogTaskGraph: Started task graph with 5 named threads and 26 total threads with 3 sets of task threads.
LogStats: Stats thread started at 0.089502
LogD3D11RHI: Loaded GFSDK_Aftermath_Lib.x64.dll
LogICUInternationalization: ICU TimeZone Detection - Raw Offset: -8:00, Platform Override: ''
LogPluginManager: Mounting plugin Paper2D
LogPluginManager: Mounting plugin AISupport
LogPluginManager: Mounting plugin LightPropagationVolume
LogPluginManager: Mounting plugin ActorLayerUtilities
LogPluginManager: Mounting plugin AnimationSharing
LogPluginManager: Mounting plugin CLionSourceCodeAccess
LogPluginManager: Mounting plugin CodeLiteSourceCodeAccess
LogPluginManager: Mounting plugin GitSourceControl
LogPluginManager: Mounting plugin KDevelopSourceCodeAccess
LogPluginManager: Mounting plugin NullSourceCodeAccess
LogPluginManager: Mounting plugin PerforceSourceControl
LogPluginManager: Mounting plugin PlasticSourceControl
LogPluginManager: Mounting plugin SubversionSourceControl
LogPluginManager: Mounting plugin UObjectPlugin
LogPluginManager: Mounting plugin VisualStudioCodeSourceCodeAccess
LogPluginManager: Mounting plugin VisualStudioSourceCodeAccess
LogPluginManager: Mounting plugin XCodeSourceCodeAccess
LogPluginManager: Mounting plugin AssetManagerEditor
LogPluginManager: Mounting plugin CryptoKeys
LogPluginManager: Mounting plugin CurveEditorTools
LogPluginManager: Mounting plugin DataValidation
LogPluginManager: Mounting plugin FacialAnimation
LogPluginManager: Mounting plugin GameplayTagsEditor
LogPluginManager: Mounting plugin MacGraphicsSwitching
LogPluginManager: Mounting plugin MaterialAnalyzer
LogPluginManager: Mounting plugin MobileLauncherProfileWizard
LogPluginManager: Mounting plugin PluginBrowser
LogPluginManager: Mounting plugin SpeedTreeImporter
LogPluginManager: Mounting plugin DatasmithContent
LogPluginManager: Mounting plugin VariantManagerContent
LogPluginManager: Mounting plugin AlembicImporter
LogPluginManager: Mounting plugin AutomationUtils
LogPluginManager: Mounting plugin BackChannel
LogPluginManager: Mounting plugin CharacterAI
LogPluginManager: Mounting plugin GeometryCache
LogPluginManager: Mounting plugin PlatformCrypto
LogPluginManager: Mounting plugin ProxyLODPlugin
LogPluginManager: Mounting plugin SkeletalReduction
LogPluginManager: Mounting plugin MagicLeap
LogPluginManager: Mounting plugin MagicLeapMedia
LogPluginManager: Mounting plugin MLSDK
LogPluginManager: Mounting plugin AndroidMedia
LogPluginManager: Mounting plugin AvfMedia
LogPluginManager: Mounting plugin ImgMedia
LogPluginManager: Mounting plugin MediaCompositing
LogPluginManager: Mounting plugin MediaPlayerEditor
LogPluginManager: Mounting plugin WebMMedia
LogPluginManager: Mounting plugin WmfMedia
LogPluginManager: Mounting plugin TcpMessaging
LogPluginManager: Mounting plugin UdpMessaging
LogPluginManager: Mounting plugin ActorSequence
LogPluginManager: Mounting plugin LevelSequenceEditor
LogPluginManager: Mounting plugin MatineeToLevelSequence
LogPluginManager: Mounting plugin NetcodeUnitTest
LogPluginManager: Mounting plugin NUTUnrealEngine4
LogPluginManager: Mounting plugin OnlineSubsystemGooglePlay
LogPluginManager: Mounting plugin OnlineSubsystemIOS
LogPluginManager: Mounting plugin OnlineSubsystem
LogPluginManager: Mounting plugin OnlineSubsystemNull
LogPluginManager: Mounting plugin OnlineSubsystemUtils
LogPluginManager: Mounting plugin LauncherChunkInstaller
LogPluginManager: Mounting plugin AndroidDeviceProfileSelector
LogPluginManager: Mounting plugin AndroidMoviePlayer
LogPluginManager: Mounting plugin AndroidPermission
LogPluginManager: Mounting plugin AppleImageUtils
LogPluginManager: Mounting plugin AppleMoviePlayer
LogPluginManager: Mounting plugin ArchVisCharacter
LogPluginManager: Mounting plugin AssetTags
LogPluginManager: Mounting plugin AudioCapture
LogPluginManager: Mounting plugin CableComponent
LogPluginManager: Mounting plugin CustomMeshComponent
LogPluginManager: Mounting plugin EditableMesh
LogPluginManager: Mounting plugin ExampleDeviceProfileSelector
LogPluginManager: Mounting plugin GoogleCloudMessaging
LogPluginManager: Mounting plugin IOSDeviceProfileSelector
LogPluginManager: Mounting plugin LinuxDeviceProfileSelector
LogPluginManager: Mounting plugin LocationServicesBPLibrary
LogPluginManager: Mounting plugin MobilePatchingUtils
LogPluginManager: Mounting plugin OculusVR
LogPluginManager: Mounting plugin PhysXVehicles
LogPluginManager: Mounting plugin PostSplashScreen
LogPluginManager: Mounting plugin ProceduralMeshComponent
LogPluginManager: Mounting plugin RuntimePhysXCooking
LogPluginManager: Mounting plugin SignificanceManager
LogPluginManager: Mounting plugin SteamVR
LogPluginManager: Mounting plugin WebMMoviePlayer
LogPluginManager: Mounting plugin WindowsMoviePlayer
LogPluginManager: Mounting plugin ScreenshotTools
LogInit: Using libcurl 7.55.1-DEV
LogInit:  - built for x86_64-pc-win32
LogInit:  - supports SSL with OpenSSL/1.1.1
LogInit:  - supports HTTP deflate (compression) using libz 1.2.8
LogInit:  - other features:
LogInit:      CURL_VERSION_SSL
LogInit:      CURL_VERSION_LIBZ
LogInit:      CURL_VERSION_IPV6
LogInit:      CURL_VERSION_ASYNCHDNS
LogInit:      CURL_VERSION_LARGEFILE
LogInit:      CURL_VERSION_IDN
LogInit:  CurlRequestOptions (configurable via config and command line):
LogInit:  - bVerifyPeer = true  - Libcurl will verify peer certificate
LogInit:  - bUseHttpProxy = false  - Libcurl will NOT use HTTP proxy
LogInit:  - bDontReuseConnections = false  - Libcurl will reuse connections
LogInit:  - MaxHostConnections = 16  - Libcurl will limit the number of connections to a host
LogInit:  - LocalHostAddr = Default
LogInit:  - BufferSize = 65536
LogOnline: OSS: Creating online subsystem instance for: NULL
LogInit: WinSock: version 1.1 (2.2), MaxSocks=32767, MaxUdp=65467
LogOnline: OSS: TryLoadSubsystemAndSetDefault: Loaded subsystem for module [NULL]
LogInit: Build: ++UE4+Release-4.24-CL-11590370
LogInit: Engine Version: 4.24.3-11590370+++UE4+Release-4.24
LogInit: Compatible Engine Version: 4.24.0-10570792+++UE4+Release-4.24
LogInit: Net CL: 10570792
LogInit: OS: Windows 10 (Release 1909) (), CPU: Intel(R) Core(TM) i7-9700 CPU @ 3.00GHz, GPU: NVIDIA GeForce RTX 2070
LogInit: Compiled (64-bit): Feb 24 2020 15:39:18
LogInit: Compiled with Visual C++: 19.16.27032.01
LogInit: Build Configuration: Development
LogInit: Branch Name: ++UE4+Release-4.24
LogInit: Command Line: 
LogInit: Base Directory: C:/Program Files/Epic Games/UE_4.24/Engine/Binaries/Win64/
LogInit: Installed Engine Build: 1
LogDevObjectVersion: Number of dev versions registered: 25
LogDevObjectVersion:   Dev-Blueprints (B0D832E4-1F89-4F0D-ACCF-7EB736FD4AA2): 10
LogDevObjectVersion:   Dev-Build (E1C64328-A22C-4D53-A36C-8E866417BD8C): 0
LogDevObjectVersion:   Dev-Core (375EC13C-06E4-48FB-B500-84F0262A717E): 3
LogDevObjectVersion:   Dev-Editor (E4B068ED-F494-42E9-A231-DA0B2E46BB41): 37
LogDevObjectVersion:   Dev-Framework (CFFC743F-43B0-4480-9391-14DF171D2073): 36
LogDevObjectVersion:   Dev-Mobile (B02B49B5-BB20-44E9-A304-32B752E40360): 2
LogDevObjectVersion:   Dev-Networking (A4E4105C-59A1-49B5-A7C5-40C4547EDFEE): 0
LogDevObjectVersion:   Dev-Online (39C831C9-5AE6-47DC-9A44-9C173E1C8E7C): 0
LogDevObjectVersion:   Dev-Physics (78F01B33-EBEA-4F98-B9B4-84EACCB95AA2): 2
LogDevObjectVersion:   Dev-Platform (6631380F-2D4D-43E0-8009-CF276956A95A): 0
LogDevObjectVersion:   Dev-Rendering (12F88B9F-8875-4AFC-A67C-D90C383ABD29): 36
LogDevObjectVersion:   Dev-Sequencer (7B5AE74C-D270-4C10-A958-57980B212A5A): 11
LogDevObjectVersion:   Dev-VR (D7296918-1DD6-4BDD-9DE2-64A83CC13884): 2
LogDevObjectVersion:   Dev-LoadTimes (C2A15278-BFE7-4AFE-6C17-90FF531DF755): 1
LogDevObjectVersion:   Private-Geometry (6EACA3D4-40EC-4CC1-B786-8BED09428FC5): 3
LogDevObjectVersion:   Dev-AnimPhys (29E575DD-E0A3-4627-9D10-D276232CDCEA): 17
LogDevObjectVersion:   Dev-Anim (AF43A65D-7FD3-4947-9873-3E8ED9C1BB05): 2
LogDevObjectVersion:   Dev-ReflectionCapture (6B266CEC-1EC7-4B8F-A30B-E4D90942FC07): 1
LogDevObjectVersion:   Dev-Automation (0DF73D61-A23F-47EA-B727-89E90C41499A): 1
LogDevObjectVersion:   FortniteMain (601D1886-AC64-4F84-AA16-D3DE0DEAC7D6): 31
LogDevObjectVersion:   Dev-Enterprise (9DFFBCD6-494F-0158-E221-12823C92A888): 8
LogDevObjectVersion:   Dev-Niagara (F2AED0AC-9AFE-416F-8664-AA7FFA26D6FC): 1
LogDevObjectVersion:   Dev-Destruction (174F1F0B-B4C6-45A5-B13F-2EE8D0FB917D): 9
LogDevObjectVersion:   Dev-Physics-Ext (35F94A83-E258-406C-A318-09F59610247C): 8
LogDevObjectVersion:   Dev-CineCamera (B2E18506-4273-CFC2-A54E-F4BB758BBA07): 1
LogInit: Presizing for max 25165824 objects, including 0 objects not considered by GC, pre-allocating 0 bytes for permanent pool.
LogInit: Object subsystem initialized
LogConfig: Setting CVar [[con.DebugEarlyDefault:1]]
LogConfig: Setting CVar [[r.setres:1280x720]]
[2020.04.05-01.26.11:347][  0]LogConfig: Setting CVar [[r.VSync:0]]
[2020.04.05-01.26.11:347][  0]LogConfig: Setting CVar [[r.RHICmdBypass:0]]
[2020.04.05-01.26.11:347][  0]LogConfig: Applying CVar settings from Section [/Script/Engine.RendererSettings] File [D:/Documents/Game Projects/Project0/Project0/Saved/Config/Windows/Engine.ini]
[2020.04.05-01.26.11:347][  0]LogConfig: Setting CVar [[r.GPUCrashDebugging:0]]
[2020.04.05-01.26.11:347][  0]LogConfig: Applying CVar settings from Section [/Script/Engine.RendererOverrideSettings] File [D:/Documents/Game Projects/Project0/Project0/Saved/Config/Windows/Engine.ini]
[2020.04.05-01.26.11:347][  0]LogConfig: Applying CVar settings from Section [/Script/Engine.StreamingSettings] File [D:/Documents/Game Projects/Project0/Project0/Saved/Config/Windows/Engine.ini]
[2020.04.05-01.26.11:347][  0]LogConfig: Setting CVar [[s.MinBulkDataSizeForAsyncLoading:131072]]
[2020.04.05-01.26.11:347][  0]LogConfig: Setting CVar [[s.AsyncLoadingThreadEnabled:0]]
[2020.04.05-01.26.11:347][  0]LogConfig: Setting CVar [[s.EventDrivenLoaderEnabled:1]]
[2020.04.05-01.26.11:347][  0]LogConfig: Setting CVar [[s.WarnIfTimeLimitExceeded:0]]
[2020.04.05-01.26.11:347][  0]LogConfig: Setting CVar [[s.TimeLimitExceededMultiplier:1.5]]
[2020.04.05-01.26.11:347][  0]LogConfig: Setting CVar [[s.TimeLimitExceededMinTime:0.005]]
[2020.04.05-01.26.11:347][  0]LogConfig: Setting CVar [[s.UseBackgroundLevelStreaming:1]]
[2020.04.05-01.26.11:347][  0]LogConfig: Setting CVar [[s.PriorityAsyncLoadingExtraTime:15.0]]
[2020.04.05-01.26.11:347][  0]LogConfig: Setting CVar [[s.LevelStreamingActorsUpdateTimeLimit:5.0]]
[2020.04.05-01.26.11:347][  0]LogConfig: Setting CVar [[s.PriorityLevelStreamingActorsUpdateExtraTime:5.0]]
[2020.04.05-01.26.11:347][  0]LogConfig: Setting CVar [[s.LevelStreamingComponentsRegistrationGranularity:10]]
[2020.04.05-01.26.11:347][  0]LogConfig: Setting CVar [[s.UnregisterComponentsTimeLimit:1.0]]
[2020.04.05-01.26.11:347][  0]LogConfig: Setting CVar [[s.LevelStreamingComponentsUnregistrationGranularity:5]]
[2020.04.05-01.26.11:347][  0]LogConfig: Setting CVar [[s.FlushStreamingOnExit:1]]
[2020.04.05-01.26.11:347][  0]LogConfig: Applying CVar settings from Section [/Script/Engine.GarbageCollectionSettings] File [D:/Documents/Game Projects/Project0/Project0/Saved/Config/Windows/Engine.ini]
[2020.04.05-01.26.11:347][  0]LogConfig: Setting CVar [[gc.MaxObjectsNotConsideredByGC:1]]
[2020.04.05-01.26.11:347][  0]LogConfig: Setting CVar [[gc.SizeOfPermanentObjectPool:0]]
[2020.04.05-01.26.11:347][  0]LogConfig: Setting CVar [[gc.FlushStreamingOnGC:0]]
[2020.04.05-01.26.11:347][  0]LogConfig: Setting CVar [[gc.NumRetriesBeforeForcingGC:10]]
[2020.04.05-01.26.11:348][  0]LogConfig: Setting CVar [[gc.AllowParallelGC:1]]
[2020.04.05-01.26.11:348][  0]LogConfig: Setting CVar [[gc.TimeBetweenPurgingPendingKillObjects:61.1]]
[2020.04.05-01.26.11:348][  0]LogConfig: Setting CVar [[gc.MaxObjectsInEditor:25165824]]
[2020.04.05-01.26.11:348][  0]LogConfig: Setting CVar [[gc.IncrementalBeginDestroyEnabled:1]]
[2020.04.05-01.26.11:348][  0]LogConfig: Setting CVar [[gc.CreateGCClusters:1]]
[2020.04.05-01.26.11:348][  0]LogConfig: Setting CVar [[gc.MinGCClusterSize:5]]
[2020.04.05-01.26.11:348][  0]LogConfig: Setting CVar [[gc.ActorClusteringEnabled:0]]
[2020.04.05-01.26.11:348][  0]LogConfig: Setting CVar [[gc.BlueprintClusteringEnabled:0]]
[2020.04.05-01.26.11:348][  0]LogConfig: Setting CVar [[gc.UseDisregardForGCOnDedicatedServers:0]]
[2020.04.05-01.26.11:348][  0]LogConfig: Applying CVar settings from Section [/Script/Engine.NetworkSettings] File [D:/Documents/Game Projects/Project0/Project0/Saved/Config/Windows/Engine.ini]
[2020.04.05-01.26.11:348][  0]LogConfig: Applying CVar settings from Section [/Script/UnrealEd.CookerSettings] File [D:/Documents/Game Projects/Project0/Project0/Saved/Config/Windows/Engine.ini]
[2020.04.05-01.26.11:349][  0]LogConfig: Applying CVar settings from Section [ViewDistanceQuality@3] File [D:/Documents/Game Projects/Project0/Project0/Saved/Config/Windows/Scalability.ini]
[2020.04.05-01.26.11:349][  0]LogConfig: Setting CVar [[r.SkeletalMeshLODBias:0]]
[2020.04.05-01.26.11:349][  0]LogConfig: Setting CVar [[r.ViewDistanceScale:1.0]]
[2020.04.05-01.26.11:349][  0]LogConfig: Applying CVar settings from Section [AntiAliasingQuality@3] File [D:/Documents/Game Projects/Project0/Project0/Saved/Config/Windows/Scalability.ini]
[2020.04.05-01.26.11:349][  0]LogConfig: Setting CVar [[r.PostProcessAAQuality:4]]
[2020.04.05-01.26.11:349][  0]LogConfig: Applying CVar settings from Section [ShadowQuality@3] File [D:/Documents/Game Projects/Project0/Project0/Saved/Config/Windows/Scalability.ini]
[2020.04.05-01.26.11:349][  0]LogConfig: Setting CVar [[r.LightFunctionQuality:1]]
[2020.04.05-01.26.11:349][  0]LogConfig: Setting CVar [[r.ShadowQuality:5]]
[2020.04.05-01.26.11:349][  0]LogConfig: Setting CVar [[r.Shadow.CSM.MaxCascades:10]]
[2020.04.05-01.26.11:349][  0]LogConfig: Setting CVar [[r.Shadow.MaxResolution:2048]]
[2020.04.05-01.26.11:349][  0]LogConfig: Setting CVar [[r.Shadow.MaxCSMResolution:2048]]
[2020.04.05-01.26.11:349][  0]LogConfig: Setting CVar [[r.Shadow.RadiusThreshold:0.01]]
[2020.04.05-01.26.11:349][  0]LogConfig: Setting CVar [[r.Shadow.DistanceScale:1.0]]
[2020.04.05-01.26.11:349][  0]LogConfig: Setting CVar [[r.Shadow.CSM.TransitionScale:1.0]]
[2020.04.05-01.26.11:349][  0]LogConfig: Setting CVar [[r.Shadow.PreShadowResolutionFactor:1.0]]
[2020.04.05-01.26.11:349][  0]LogConfig: Setting CVar [[r.DistanceFieldShadowing:1]]
[2020.04.05-01.26.11:349][  0]LogConfig: Setting CVar [[r.DistanceFieldAO:1]]
[2020.04.05-01.26.11:349][  0]LogConfig: Setting CVar [[r.AOQuality:2]]
[2020.04.05-01.26.11:349][  0]LogConfig: Setting CVar [[r.VolumetricFog:1]]
[2020.04.05-01.26.11:349][  0]LogConfig: Setting CVar [[r.VolumetricFog.GridPixelSize:8]]
[2020.04.05-01.26.11:349][  0]LogConfig: Setting CVar [[r.VolumetricFog.GridSizeZ:128]]
[2020.04.05-01.26.11:349][  0]LogConfig: Setting CVar [[r.VolumetricFog.HistoryMissSupersampleCount:4]]
[2020.04.05-01.26.11:349][  0]LogConfig: Setting CVar [[r.LightMaxDrawDistanceScale:1]]
[2020.04.05-01.26.11:349][  0]LogConfig: Setting CVar [[r.CapsuleShadows:1]]
[2020.04.05-01.26.11:349][  0]LogConfig: Applying CVar settings from Section [PostProcessQuality@3] File [D:/Documents/Game Projects/Project0/Project0/Saved/Config/Windows/Scalability.ini]
[2020.04.05-01.26.11:349][  0]LogConfig: Setting CVar [[r.MotionBlurQuality:4]]
[2020.04.05-01.26.11:349][  0]LogConfig: Setting CVar [[r.AmbientOcclusionMipLevelFactor:0.4]]
[2020.04.05-01.26.11:349][  0]LogConfig: Setting CVar [[r.AmbientOcclusionMaxQuality:100]]
[2020.04.05-01.26.11:349][  0]LogConfig: Setting CVar [[r.AmbientOcclusionLevels:-1]]
[2020.04.05-01.26.11:349][  0]LogConfig: Setting CVar [[r.AmbientOcclusionRadiusScale:1.0]]
[2020.04.05-01.26.11:349][  0]LogConfig: Setting CVar [[r.DepthOfFieldQuality:2]]
[2020.04.05-01.26.11:349][  0]LogConfig: Setting CVar [[r.RenderTargetPoolMin:400]]
[2020.04.05-01.26.11:349][  0]LogConfig: Setting CVar [[r.LensFlareQuality:2]]
[2020.04.05-01.26.11:350][  0]LogConfig: Setting CVar [[r.SceneColorFringeQuality:1]]
[2020.04.05-01.26.11:350][  0]LogConfig: Setting CVar [[r.EyeAdaptationQuality:2]]
[2020.04.05-01.26.11:350][  0]LogConfig: Setting CVar [[r.BloomQuality:5]]
[2020.04.05-01.26.11:350][  0]LogConfig: Setting CVar [[r.FastBlurThreshold:100]]
[2020.04.05-01.26.11:350][  0]LogConfig: Setting CVar [[r.Upscale.Quality:3]]
[2020.04.05-01.26.11:350][  0]LogConfig: Setting CVar [[r.Tonemapper.GrainQuantization:1]]
[2020.04.05-01.26.11:350][  0]LogConfig: Setting CVar [[r.LightShaftQuality:1]]
[2020.04.05-01.26.11:350][  0]LogConfig: Setting CVar [[r.Filter.SizeScale:1]]
[2020.04.05-01.26.11:350][  0]LogConfig: Setting CVar [[r.Tonemapper.Quality:5]]
[2020.04.05-01.26.11:350][  0]LogConfig: Setting CVar [[r.DOF.Gather.AccumulatorQuality:1        ; higher gathering accumulator quality]]
[2020.04.05-01.26.11:350][  0]LogConfig: Setting CVar [[r.DOF.Gather.PostfilterMethod:1          ; Median3x3 postfilering method]]
[2020.04.05-01.26.11:350][  0]LogConfig: Setting CVar [[r.DOF.Gather.EnableBokehSettings:0       ; no bokeh simulation when gathering]]
[2020.04.05-01.26.11:350][  0]LogConfig: Setting CVar [[r.DOF.Gather.RingCount:4                 ; medium number of samples when gathering]]
[2020.04.05-01.26.11:350][  0]LogConfig: Setting CVar [[r.DOF.Scatter.ForegroundCompositing:1    ; additive foreground scattering]]
[2020.04.05-01.26.11:350][  0]LogConfig: Setting CVar [[r.DOF.Scatter.BackgroundCompositing:2    ; additive background scattering]]
[2020.04.05-01.26.11:350][  0]LogConfig: Setting CVar [[r.DOF.Scatter.EnableBokehSettings:1      ; bokeh simulation when scattering]]
[2020.04.05-01.26.11:350][  0]LogConfig: Setting CVar [[r.DOF.Scatter.MaxSpriteRatio:0.1         ; only a maximum of 10% of scattered bokeh]]
[2020.04.05-01.26.11:350][  0]LogConfig: Setting CVar [[r.DOF.Recombine.Quality:1                ; cheap slight out of focus]]
[2020.04.05-01.26.11:350][  0]LogConfig: Setting CVar [[r.DOF.Recombine.EnableBokehSettings:0    ; no bokeh simulation on slight out of focus]]
[2020.04.05-01.26.11:350][  0]LogConfig: Setting CVar [[r.DOF.TemporalAAQuality:1                ; more stable temporal accumulation]]
[2020.04.05-01.26.11:350][  0]LogConfig: Setting CVar [[r.DOF.Kernel.MaxForegroundRadius:0.025]]
[2020.04.05-01.26.11:350][  0]LogConfig: Setting CVar [[r.DOF.Kernel.MaxBackgroundRadius:0.025]]
[2020.04.05-01.26.11:350][  0]LogConfig: Applying CVar settings from Section [TextureQuality@3] File [D:/Documents/Game Projects/Project0/Project0/Saved/Config/Windows/Scalability.ini]
[2020.04.05-01.26.11:350][  0]LogConfig: Setting CVar [[r.Streaming.MipBias:0]]
[2020.04.05-01.26.11:350][  0]LogConfig: Setting CVar [[r.Streaming.AmortizeCPUToGPUCopy:0]]
[2020.04.05-01.26.11:350][  0]LogConfig: Setting CVar [[r.Streaming.MaxNumTexturesToStreamPerFrame:0]]
[2020.04.05-01.26.11:350][  0]LogConfig: Setting CVar [[r.Streaming.Boost:1]]
[2020.04.05-01.26.11:350][  0]LogConfig: Setting CVar [[r.MaxAnisotropy:8]]
[2020.04.05-01.26.11:350][  0]LogConfig: Setting CVar [[r.VT.MaxAnisotropy:8]]
[2020.04.05-01.26.11:350][  0]LogConfig: Setting CVar [[r.Streaming.LimitPoolSizeToVRAM:0]]
[2020.04.05-01.26.11:350][  0]LogConfig: Setting CVar [[r.Streaming.PoolSize:1000]]
[2020.04.05-01.26.11:350][  0]LogConfig: Setting CVar [[r.Streaming.MaxEffectiveScreenSize:0]]
[2020.04.05-01.26.11:350][  0]LogConfig: Applying CVar settings from Section [EffectsQuality@3] File [D:/Documents/Game Projects/Project0/Project0/Saved/Config/Windows/Scalability.ini]
[2020.04.05-01.26.11:350][  0]LogConfig: Setting CVar [[r.TranslucencyLightingVolumeDim:64]]
[2020.04.05-01.26.11:350][  0]LogConfig: Setting CVar [[r.RefractionQuality:2]]
[2020.04.05-01.26.11:350][  0]LogConfig: Setting CVar [[r.SSR.Quality:3]]
[2020.04.05-01.26.11:350][  0]LogConfig: Setting CVar [[r.SSR.HalfResSceneColor:0]]
[2020.04.05-01.26.11:350][  0]LogConfig: Setting CVar [[r.SceneColorFormat:4]]
[2020.04.05-01.26.11:350][  0]LogConfig: Setting CVar [[r.DetailMode:2]]
[2020.04.05-01.26.11:350][  0]LogConfig: Setting CVar [[r.TranslucencyVolumeBlur:1]]
[2020.04.05-01.26.11:350][  0]LogConfig: Setting CVar [[r.MaterialQualityLevel:1 ; High quality]]
[2020.04.05-01.26.11:350][  0]LogConfig: Setting CVar [[r.SSS.Scale:1]]
[2020.04.05-01.26.11:350][  0]LogConfig: Setting CVar [[r.SSS.SampleSet:2]]
[2020.04.05-01.26.11:350][  0]LogConfig: Setting CVar [[r.SSS.Quality:1]]
[2020.04.05-01.26.11:350][  0]LogConfig: Setting CVar [[r.SSS.HalfRes:1]]
[2020.04.05-01.26.11:350][  0]LogConfig: Setting CVar [[r.SSGI.Quality:3]]
[2020.04.05-01.26.11:350][  0]LogConfig: Setting CVar [[r.EmitterSpawnRateScale:1.0]]
[2020.04.05-01.26.11:350][  0]LogConfig: Setting CVar [[r.ParticleLightQuality:2]]
[2020.04.05-01.26.11:350][  0]LogConfig: Setting CVar [[r.SkyAtmosphere.AerialPerspectiveLUT.FastApplyOnOpaque:1 ; Always have FastSkyLUT 1 in this case to avoid wrong sky]]
[2020.04.05-01.26.11:350][  0]LogConfig: Setting CVar [[r.SkyAtmosphere.AerialPerspectiveLUT.SampleCountPerSlice:1]]
[2020.04.05-01.26.11:350][  0]LogConfig: Setting CVar [[r.SkyAtmosphere.AerialPerspectiveLUT.DepthResolution:16.0]]
[2020.04.05-01.26.11:350][  0]LogConfig: Setting CVar [[r.SkyAtmosphere.FastSkyLUT:1]]
[2020.04.05-01.26.11:350][  0]LogConfig: Setting CVar [[r.SkyAtmosphere.FastSkyLUT.SampleCountMin:4.0]]
[2020.04.05-01.26.11:350][  0]LogConfig: Setting CVar [[r.SkyAtmosphere.FastSkyLUT.SampleCountMax:32.0]]
[2020.04.05-01.26.11:350][  0]LogConfig: Setting CVar [[r.SkyAtmosphere.SampleCountMin:4.0]]
[2020.04.05-01.26.11:350][  0]LogConfig: Setting CVar [[r.SkyAtmosphere.SampleCountMax:32.0]]
[2020.04.05-01.26.11:350][  0]LogConfig: Setting CVar [[r.SkyAtmosphere.TransmittanceLUT.UseSmallFormat:0]]
[2020.04.05-01.26.11:350][  0]LogConfig: Setting CVar [[r.SkyAtmosphere.TransmittanceLUT.SampleCount:10.0]]
[2020.04.05-01.26.11:350][  0]LogConfig: Setting CVar [[r.SkyAtmosphere.MultiScatteringLUT.SampleCount:15.0]]
[2020.04.05-01.26.11:350][  0]LogConfig: Applying CVar settings from Section [FoliageQuality@3] File [D:/Documents/Game Projects/Project0/Project0/Saved/Config/Windows/Scalability.ini]
[2020.04.05-01.26.11:350][  0]LogConfig: Setting CVar [[foliage.DensityScale:1.0]]
[2020.04.05-01.26.11:350][  0]LogConfig: Setting CVar [[grass.DensityScale:1.0]]
[2020.04.05-01.26.11:350][  0]LogConfig: Applying CVar settings from Section [ShadingQuality@3] File [D:/Documents/Game Projects/Project0/Project0/Saved/Config/Windows/Scalability.ini]
[2020.04.05-01.26.11:350][  0]LogConfig: Setting CVar [[r.HairStrands.SkyLighting.SampleCount:16]]
[2020.04.05-01.26.11:350][  0]LogConfig: Setting CVar [[r.HairStrands.SkyLighting.JitterIntegration:0]]
[2020.04.05-01.26.11:350][  0]LogConfig: Setting CVar [[r.HairStrands.SkyAO.SampleCount:16]]
[2020.04.05-01.26.11:350][  0]LogInit: Selected Device Profile: [Windows]
[2020.04.05-01.26.11:350][  0]LogInit: Applying CVar settings loaded from the selected device profile: [Windows]
[2020.04.05-01.26.11:356][  0]LogHAL: Display: Platform has ~ 16 GB [16996794368 / 17179869184 / 16], which maps to Larger [LargestMinGB=32, LargerMinGB=12, DefaultMinGB=8, SmallerMinGB=6, SmallestMinGB=0)
[2020.04.05-01.26.11:356][  0]LogInit: Going up to parent DeviceProfile []
[2020.04.05-01.26.11:356][  0]LogConfig: Applying CVar settings from Section [ViewDistanceQuality@3] File [D:/Documents/Game Projects/Project0/Project0/Saved/Config/Windows/Scalability.ini]
[2020.04.05-01.26.11:356][  0]LogConfig: Setting CVar [[r.SkeletalMeshLODBias:0]]
[2020.04.05-01.26.11:356][  0]LogConfig: Setting CVar [[r.ViewDistanceScale:1.0]]
[2020.04.05-01.26.11:356][  0]LogConfig: Applying CVar settings from Section [AntiAliasingQuality@3] File [D:/Documents/Game Projects/Project0/Project0/Saved/Config/Windows/Scalability.ini]
[2020.04.05-01.26.11:356][  0]LogConfig: Setting CVar [[r.PostProcessAAQuality:4]]
[2020.04.05-01.26.11:356][  0]LogConfig: Applying CVar settings from Section [ShadowQuality@3] File [D:/Documents/Game Projects/Project0/Project0/Saved/Config/Windows/Scalability.ini]
[2020.04.05-01.26.11:356][  0]LogConfig: Setting CVar [[r.LightFunctionQuality:1]]
[2020.04.05-01.26.11:356][  0]LogConfig: Setting CVar [[r.ShadowQuality:5]]
[2020.04.05-01.26.11:356][  0]LogConfig: Setting CVar [[r.Shadow.CSM.MaxCascades:10]]
[2020.04.05-01.26.11:356][  0]LogConfig: Setting CVar [[r.Shadow.MaxResolution:2048]]
[2020.04.05-01.26.11:356][  0]LogConfig: Setting CVar [[r.Shadow.MaxCSMResolution:2048]]
[2020.04.05-01.26.11:356][  0]LogConfig: Setting CVar [[r.Shadow.RadiusThreshold:0.01]]
[2020.04.05-01.26.11:356][  0]LogConfig: Setting CVar [[r.Shadow.DistanceScale:1.0]]
[2020.04.05-01.26.11:356][  0]LogConfig: Setting CVar [[r.Shadow.CSM.TransitionScale:1.0]]
[2020.04.05-01.26.11:356][  0]LogConfig: Setting CVar [[r.Shadow.PreShadowResolutionFactor:1.0]]
[2020.04.05-01.26.11:356][  0]LogConfig: Setting CVar [[r.DistanceFieldShadowing:1]]
[2020.04.05-01.26.11:356][  0]LogConfig: Setting CVar [[r.DistanceFieldAO:1]]
[2020.04.05-01.26.11:356][  0]LogConfig: Setting CVar [[r.AOQuality:2]]
[2020.04.05-01.26.11:356][  0]LogConfig: Setting CVar [[r.VolumetricFog:1]]
[2020.04.05-01.26.11:356][  0]LogConfig: Setting CVar [[r.VolumetricFog.GridPixelSize:8]]
[2020.04.05-01.26.11:356][  0]LogConfig: Setting CVar [[r.VolumetricFog.GridSizeZ:128]]
[2020.04.05-01.26.11:356][  0]LogConfig: Setting CVar [[r.VolumetricFog.HistoryMissSupersampleCount:4]]
[2020.04.05-01.26.11:356][  0]LogConfig: Setting CVar [[r.LightMaxDrawDistanceScale:1]]
[2020.04.05-01.26.11:356][  0]LogConfig: Setting CVar [[r.CapsuleShadows:1]]
[2020.04.05-01.26.11:356][  0]LogConfig: Applying CVar settings from Section [PostProcessQuality@3] File [D:/Documents/Game Projects/Project0/Project0/Saved/Config/Windows/Scalability.ini]
[2020.04.05-01.26.11:356][  0]LogConfig: Setting CVar [[r.MotionBlurQuality:4]]
[2020.04.05-01.26.11:356][  0]LogConfig: Setting CVar [[r.AmbientOcclusionMipLevelFactor:0.4]]
[2020.04.05-01.26.11:356][  0]LogConfig: Setting CVar [[r.AmbientOcclusionMaxQuality:100]]
[2020.04.05-01.26.11:356][  0]LogConfig: Setting CVar [[r.AmbientOcclusionLevels:-1]]
[2020.04.05-01.26.11:356][  0]LogConfig: Setting CVar [[r.AmbientOcclusionRadiusScale:1.0]]
[2020.04.05-01.26.11:356][  0]LogConfig: Setting CVar [[r.DepthOfFieldQuality:2]]
[2020.04.05-01.26.11:356][  0]LogConfig: Setting CVar [[r.RenderTargetPoolMin:400]]
[2020.04.05-01.26.11:356][  0]LogConfig: Setting CVar [[r.LensFlareQuality:2]]
[2020.04.05-01.26.11:356][  0]LogConfig: Setting CVar [[r.SceneColorFringeQuality:1]]
[2020.04.05-01.26.11:356][  0]LogConfig: Setting CVar [[r.EyeAdaptationQuality:2]]
[2020.04.05-01.26.11:356][  0]LogConfig: Setting CVar [[r.BloomQuality:5]]
[2020.04.05-01.26.11:356][  0]LogConfig: Setting CVar [[r.FastBlurThreshold:100]]
[2020.04.05-01.26.11:356][  0]LogConfig: Setting CVar [[r.Upscale.Quality:3]]
[2020.04.05-01.26.11:356][  0]LogConfig: Setting CVar [[r.Tonemapper.GrainQuantization:1]]
[2020.04.05-01.26.11:356][  0]LogConfig: Setting CVar [[r.LightShaftQuality:1]]
[2020.04.05-01.26.11:356][  0]LogConfig: Setting CVar [[r.Filter.SizeScale:1]]
[2020.04.05-01.26.11:356][  0]LogConfig: Setting CVar [[r.Tonemapper.Quality:5]]
[2020.04.05-01.26.11:356][  0]LogConfig: Setting CVar [[r.DOF.Gather.AccumulatorQuality:1        ; higher gathering accumulator quality]]
[2020.04.05-01.26.11:356][  0]LogConfig: Setting CVar [[r.DOF.Gather.PostfilterMethod:1          ; Median3x3 postfilering method]]
[2020.04.05-01.26.11:356][  0]LogConfig: Setting CVar [[r.DOF.Gather.EnableBokehSettings:0       ; no bokeh simulation when gathering]]
[2020.04.05-01.26.11:356][  0]LogConfig: Setting CVar [[r.DOF.Gather.RingCount:4                 ; medium number of samples when gathering]]
[2020.04.05-01.26.11:356][  0]LogConfig: Setting CVar [[r.DOF.Scatter.ForegroundCompositing:1    ; additive foreground scattering]]
[2020.04.05-01.26.11:356][  0]LogConfig: Setting CVar [[r.DOF.Scatter.BackgroundCompositing:2    ; additive background scattering]]
[2020.04.05-01.26.11:356][  0]LogConfig: Setting CVar [[r.DOF.Scatter.EnableBokehSettings:1      ; bokeh simulation when scattering]]
[2020.04.05-01.26.11:356][  0]LogConfig: Setting CVar [[r.DOF.Scatter.MaxSpriteRatio:0.1         ; only a maximum of 10% of scattered bokeh]]
[2020.04.05-01.26.11:356][  0]LogConfig: Setting CVar [[r.DOF.Recombine.Quality:1                ; cheap slight out of focus]]
[2020.04.05-01.26.11:356][  0]LogConfig: Setting CVar [[r.DOF.Recombine.EnableBokehSettings:0    ; no bokeh simulation on slight out of focus]]
[2020.04.05-01.26.11:356][  0]LogConfig: Setting CVar [[r.DOF.TemporalAAQuality:1                ; more stable temporal accumulation]]
[2020.04.05-01.26.11:356][  0]LogConfig: Setting CVar [[r.DOF.Kernel.MaxForegroundRadius:0.025]]
[2020.04.05-01.26.11:356][  0]LogConfig: Setting CVar [[r.DOF.Kernel.MaxBackgroundRadius:0.025]]
[2020.04.05-01.26.11:356][  0]LogConfig: Applying CVar settings from Section [TextureQuality@3] File [D:/Documents/Game Projects/Project0/Project0/Saved/Config/Windows/Scalability.ini]
[2020.04.05-01.26.11:356][  0]LogConfig: Setting CVar [[r.Streaming.MipBias:0]]
[2020.04.05-01.26.11:356][  0]LogConfig: Setting CVar [[r.Streaming.AmortizeCPUToGPUCopy:0]]
[2020.04.05-01.26.11:356][  0]LogConfig: Setting CVar [[r.Streaming.MaxNumTexturesToStreamPerFrame:0]]
[2020.04.05-01.26.11:356][  0]LogConfig: Setting CVar [[r.Streaming.Boost:1]]
[2020.04.05-01.26.11:356][  0]LogConfig: Setting CVar [[r.MaxAnisotropy:8]]
[2020.04.05-01.26.11:356][  0]LogConfig: Setting CVar [[r.VT.MaxAnisotropy:8]]
[2020.04.05-01.26.11:356][  0]LogConfig: Setting CVar [[r.Streaming.LimitPoolSizeToVRAM:0]]
[2020.04.05-01.26.11:356][  0]LogConfig: Setting CVar [[r.Streaming.PoolSize:1000]]
[2020.04.05-01.26.11:356][  0]LogConfig: Setting CVar [[r.Streaming.MaxEffectiveScreenSize:0]]
[2020.04.05-01.26.11:356][  0]LogConfig: Applying CVar settings from Section [EffectsQuality@3] File [D:/Documents/Game Projects/Project0/Project0/Saved/Config/Windows/Scalability.ini]
[2020.04.05-01.26.11:356][  0]LogConfig: Setting CVar [[r.TranslucencyLightingVolumeDim:64]]
[2020.04.05-01.26.11:356][  0]LogConfig: Setting CVar [[r.RefractionQuality:2]]
[2020.04.05-01.26.11:356][  0]LogConfig: Setting CVar [[r.SSR.Quality:3]]
[2020.04.05-01.26.11:356][  0]LogConfig: Setting CVar [[r.SSR.HalfResSceneColor:0]]
[2020.04.05-01.26.11:356][  0]LogConfig: Setting CVar [[r.SceneColorFormat:4]]
[2020.04.05-01.26.11:356][  0]LogConfig: Setting CVar [[r.DetailMode:2]]
[2020.04.05-01.26.11:356][  0]LogConfig: Setting CVar [[r.TranslucencyVolumeBlur:1]]
[2020.04.05-01.26.11:356][  0]LogConfig: Setting CVar [[r.MaterialQualityLevel:1 ; High quality]]
[2020.04.05-01.26.11:356][  0]LogConfig: Setting CVar [[r.SSS.Scale:1]]
[2020.04.05-01.26.11:356][  0]LogConfig: Setting CVar [[r.SSS.SampleSet:2]]
[2020.04.05-01.26.11:356][  0]LogConfig: Setting CVar [[r.SSS.Quality:1]]
[2020.04.05-01.26.11:356][  0]LogConfig: Setting CVar [[r.SSS.HalfRes:1]]
[2020.04.05-01.26.11:356][  0]LogConfig: Setting CVar [[r.SSGI.Quality:3]]
[2020.04.05-01.26.11:356][  0]LogConfig: Setting CVar [[r.EmitterSpawnRateScale:1.0]]
[2020.04.05-01.26.11:356][  0]LogConfig: Setting CVar [[r.ParticleLightQuality:2]]
[2020.04.05-01.26.11:356][  0]LogConfig: Setting CVar [[r.SkyAtmosphere.AerialPerspectiveLUT.FastApplyOnOpaque:1 ; Always have FastSkyLUT 1 in this case to avoid wrong sky]]
[2020.04.05-01.26.11:356][  0]LogConfig: Setting CVar [[r.SkyAtmosphere.AerialPerspectiveLUT.SampleCountPerSlice:1]]
[2020.04.05-01.26.11:356][  0]LogConfig: Setting CVar [[r.SkyAtmosphere.AerialPerspectiveLUT.DepthResolution:16.0]]
[2020.04.05-01.26.11:356][  0]LogConfig: Setting CVar [[r.SkyAtmosphere.FastSkyLUT:1]]
[2020.04.05-01.26.11:356][  0]LogConfig: Setting CVar [[r.SkyAtmosphere.FastSkyLUT.SampleCountMin:4.0]]
[2020.04.05-01.26.11:356][  0]LogConfig: Setting CVar [[r.SkyAtmosphere.FastSkyLUT.SampleCountMax:32.0]]
[2020.04.05-01.26.11:356][  0]LogConfig: Setting CVar [[r.SkyAtmosphere.SampleCountMin:4.0]]
[2020.04.05-01.26.11:356][  0]LogConfig: Setting CVar [[r.SkyAtmosphere.SampleCountMax:32.0]]
[2020.04.05-01.26.11:357][  0]LogConfig: Setting CVar [[r.SkyAtmosphere.TransmittanceLUT.UseSmallFormat:0]]
[2020.04.05-01.26.11:357][  0]LogConfig: Setting CVar [[r.SkyAtmosphere.TransmittanceLUT.SampleCount:10.0]]
[2020.04.05-01.26.11:357][  0]LogConfig: Setting CVar [[r.SkyAtmosphere.MultiScatteringLUT.SampleCount:15.0]]
[2020.04.05-01.26.11:357][  0]LogConfig: Applying CVar settings from Section [FoliageQuality@3] File [D:/Documents/Game Projects/Project0/Project0/Saved/Config/Windows/Scalability.ini]
[2020.04.05-01.26.11:357][  0]LogConfig: Setting CVar [[foliage.DensityScale:1.0]]
[2020.04.05-01.26.11:357][  0]LogConfig: Setting CVar [[grass.DensityScale:1.0]]
[2020.04.05-01.26.11:357][  0]LogConfig: Applying CVar settings from Section [ShadingQuality@3] File [D:/Documents/Game Projects/Project0/Project0/Saved/Config/Windows/Scalability.ini]
[2020.04.05-01.26.11:357][  0]LogConfig: Setting CVar [[r.HairStrands.SkyLighting.SampleCount:16]]
[2020.04.05-01.26.11:357][  0]LogConfig: Setting CVar [[r.HairStrands.SkyLighting.JitterIntegration:0]]
[2020.04.05-01.26.11:357][  0]LogConfig: Setting CVar [[r.HairStrands.SkyAO.SampleCount:16]]
[2020.04.05-01.26.11:357][  0]LogConfig: Applying CVar settings from Section [Startup] File [../../../Engine/Config/ConsoleVariables.ini]
[2020.04.05-01.26.11:360][  0]LogConfig: Setting CVar [[net.UseAdaptiveNetUpdateFrequency:0]]
[2020.04.05-01.26.11:360][  0]LogConfig: Setting CVar [[p.chaos.AllowCreatePhysxBodies:1]]
[2020.04.05-01.26.11:360][  0]LogConfig: Applying CVar settings from Section [ConsoleVariables] File [D:/Documents/Game Projects/Project0/Project0/Saved/Config/Windows/Engine.ini]
[2020.04.05-01.26.11:360][  0]LogInit: Computer: DESKTOP-5QJEOKG
[2020.04.05-01.26.11:360][  0]LogInit: User: claud
[2020.04.05-01.26.11:360][  0]LogInit: CPU Page size=4096, Cores=8
[2020.04.05-01.26.11:360][  0]LogInit: High frequency timer resolution =10.000000 MHz
[2020.04.05-01.26.11:360][  0]LogMemory: Memory total: Physical=15.8GB (16GB approx)
[2020.04.05-01.26.11:360][  0]LogMemory: Platform Memory Stats for Windows
[2020.04.05-01.26.11:360][  0]LogMemory: Process Physical Memory: 104.64 MB used, 104.64 MB peak
[2020.04.05-01.26.11:360][  0]LogMemory: Process Virtual Memory: 100.44 MB used, 100.44 MB peak
[2020.04.05-01.26.11:360][  0]LogMemory: Physical Memory: 5359.71 MB used,  10849.70 MB free, 16209.41 MB total
[2020.04.05-01.26.11:360][  0]LogMemory: Virtual Memory: 5141.55 MB used,  134212584.00 MB free, 134217728.00 MB total
[2020.04.05-01.26.11:379][  0]LogWindows: WindowsPlatformFeatures enabled
[2020.04.05-01.26.11:476][  0]LogInit: Using OS detected language (en-US).
[2020.04.05-01.26.11:476][  0]LogInit: Using OS detected locale (en-US).
[2020.04.05-01.26.11:476][  0]LogTextLocalizationManager: No specific localization for 'en-US' exists, so the 'en' localization will be used.
[2020.04.05-01.26.11:626][  0]LogInit: Setting process to per monitor DPI aware
[2020.04.05-01.26.11:668][  0]LogSlate: New Slate User Created.  User Index 0, Is Virtual User: 0
[2020.04.05-01.26.11:668][  0]LogSlate: Slate User Registered.  User Index 0, Is Virtual User: 0
[2020.04.05-01.26.13:221][  0]LogHMD: Failed to initialize OpenVR with code 110
[2020.04.05-01.26.13:221][  0]LogD3D11RHI: D3D11 min allowed feature level: 11_0
[2020.04.05-01.26.13:221][  0]LogD3D11RHI: D3D11 max allowed feature level: 11_0
[2020.04.05-01.26.13:221][  0]LogD3D11RHI: D3D11 adapters:
[2020.04.05-01.26.13:297][  0]LogD3D11RHI:    0. 'NVIDIA GeForce RTX 2070' (Feature Level 11_0)
[2020.04.05-01.26.13:297][  0]LogD3D11RHI:       8031/0/8104 MB DedicatedVideo/DedicatedSystem/SharedSystem, Outputs:1, VendorId:0x10de
[2020.04.05-01.26.13:337][  0]LogD3D11RHI:    1. 'Intel(R) UHD Graphics 630' (Feature Level 11_0)
[2020.04.05-01.26.13:337][  0]LogD3D11RHI:       128/0/8104 MB DedicatedVideo/DedicatedSystem/SharedSystem, Outputs:0, VendorId:0x8086
[2020.04.05-01.26.13:339][  0]LogD3D11RHI:    2. 'Microsoft Basic Render Driver' (Feature Level 11_0)
[2020.04.05-01.26.13:339][  0]LogD3D11RHI:       0/0/8104 MB DedicatedVideo/DedicatedSystem/SharedSystem, Outputs:0, VendorId:0x1414
[2020.04.05-01.26.13:339][  0]LogD3D11RHI: Chosen D3D11 Adapter: 0
[2020.04.05-01.26.13:344][  0]LogD3D11RHI: Creating new Direct3DDevice
[2020.04.05-01.26.13:344][  0]LogD3D11RHI:     GPU DeviceId: 0x1f02 (for the marketing name, search the web for "GPU Device Id")
[2020.04.05-01.26.13:344][  0]LogWindows: EnumDisplayDevices:
[2020.04.05-01.26.13:344][  0]LogWindows:    0. 'NVIDIA GeForce RTX 2070' (P:1 D:1)
[2020.04.05-01.26.13:344][  0]LogWindows:    1. 'NVIDIA GeForce RTX 2070' (P:0 D:0)
[2020.04.05-01.26.13:344][  0]LogWindows:    2. 'NVIDIA GeForce RTX 2070' (P:0 D:0)
[2020.04.05-01.26.13:344][  0]LogWindows:    3. 'NVIDIA GeForce RTX 2070' (P:0 D:0)
[2020.04.05-01.26.13:345][  0]LogWindows:    4. 'Intel(R) UHD Graphics 630' (P:0 D:0)
[2020.04.05-01.26.13:345][  0]LogWindows:    5. 'Intel(R) UHD Graphics 630' (P:0 D:0)
[2020.04.05-01.26.13:345][  0]LogWindows:    6. 'Intel(R) UHD Graphics 630' (P:0 D:0)
[2020.04.05-01.26.13:345][  0]LogWindows: DebugString: PrimaryIsNotTheChoosenAdapter PrimaryIsNotTheChoosenAdapter PrimaryIsNotTheChoosenAdapter FoundDriverCount:4 
[2020.04.05-01.26.13:345][  0]LogD3D11RHI:     Adapter Name: NVIDIA GeForce RTX 2070
[2020.04.05-01.26.13:345][  0]LogD3D11RHI:   Driver Version: 441.12 (internal:26.21.14.4112, unified:441.12)
[2020.04.05-01.26.13:345][  0]LogD3D11RHI:      Driver Date: 10-24-2019
[2020.04.05-01.26.13:345][  0]LogRHI: Texture pool is 5621 MB (70% of 8031 MB)
[2020.04.05-01.26.13:381][  0]LogD3D11RHI: RHI has support for 64 bit atomics
[2020.04.05-01.26.13:381][  0]LogD3D11RHI: Async texture creation enabled
[2020.04.05-01.26.13:391][  0]LogD3D11RHI: GPU Timing Frequency: 1000.000000 (Debug: 2 1)
[2020.04.05-01.26.13:612][  0]LogTargetPlatformManager: Display: Loaded TargetPlatform 'AllDesktop'
[2020.04.05-01.26.13:641][  0]LogTargetPlatformManager: Display: Loaded TargetPlatform 'Android'
[2020.04.05-01.26.13:641][  0]LogTargetPlatformManager: Display: Loaded TargetPlatform 'Android_ASTC'
[2020.04.05-01.26.13:641][  0]LogTargetPlatformManager: Display: Loaded TargetPlatform 'Android_ATC'
[2020.04.05-01.26.13:641][  0]LogTargetPlatformManager: Display: Loaded TargetPlatform 'Android_DXT'
[2020.04.05-01.26.13:641][  0]LogTargetPlatformManager: Display: Loaded TargetPlatform 'Android_ETC1'
[2020.04.05-01.26.13:641][  0]LogTargetPlatformManager: Display: Loaded TargetPlatform 'Android_ETC1a'
[2020.04.05-01.26.13:641][  0]LogTargetPlatformManager: Display: Loaded TargetPlatform 'Android_ETC2'
[2020.04.05-01.26.13:641][  0]LogTargetPlatformManager: Display: Loaded TargetPlatform 'Android_PVRTC'
[2020.04.05-01.26.13:641][  0]LogTargetPlatformManager: Display: Loaded TargetPlatform 'AndroidClient'
[2020.04.05-01.26.13:641][  0]LogTargetPlatformManager: Display: Loaded TargetPlatform 'Android_ASTCClient'
[2020.04.05-01.26.13:641][  0]LogTargetPlatformManager: Display: Loaded TargetPlatform 'Android_ATCClient'
[2020.04.05-01.26.13:641][  0]LogTargetPlatformManager: Display: Loaded TargetPlatform 'Android_DXTClient'
[2020.04.05-01.26.13:641][  0]LogTargetPlatformManager: Display: Loaded TargetPlatform 'Android_ETC1Client'
[2020.04.05-01.26.13:641][  0]LogTargetPlatformManager: Display: Loaded TargetPlatform 'Android_ETC1aClient'
[2020.04.05-01.26.13:641][  0]LogTargetPlatformManager: Display: Loaded TargetPlatform 'Android_ETC2Client'
[2020.04.05-01.26.13:641][  0]LogTargetPlatformManager: Display: Loaded TargetPlatform 'Android_PVRTCClient'
[2020.04.05-01.26.13:641][  0]LogTargetPlatformManager: Display: Loaded TargetPlatform 'Android_Multi'
[2020.04.05-01.26.13:641][  0]LogTargetPlatformManager: Display: Loaded TargetPlatform 'Android_MultiClient'
[2020.04.05-01.26.13:660][  0]LogTargetPlatformManager: Display: Loaded TargetPlatform 'IOSClient'
[2020.04.05-01.26.13:660][  0]LogTargetPlatformManager: Display: Loaded TargetPlatform 'IOS'
[2020.04.05-01.26.13:665][  0]LogTargetPlatformManager: Display: Loaded TargetPlatform 'LinuxNoEditor'
[2020.04.05-01.26.13:670][  0]LogTargetPlatformManager: Display: Loaded TargetPlatform 'LinuxClient'
[2020.04.05-01.26.13:675][  0]LogTargetPlatformManager: Display: Loaded TargetPlatform 'LinuxServer'
[2020.04.05-01.26.13:680][  0]LogTargetPlatformManager: Display: Loaded TargetPlatform 'LinuxAArch64NoEditor'
[2020.04.05-01.26.13:685][  0]LogTargetPlatformManager: Display: Loaded TargetPlatform 'LinuxAArch64Client'
[2020.04.05-01.26.13:690][  0]LogTargetPlatformManager: Display: Loaded TargetPlatform 'LinuxAArch64Server'
[2020.04.05-01.26.13:709][  0]LogTargetPlatformManager: Display: Loaded TargetPlatform 'Lumin'
[2020.04.05-01.26.13:709][  0]LogTargetPlatformManager: Display: Loaded TargetPlatform 'LuminClient'
[2020.04.05-01.26.13:718][  0]LogTargetPlatformManager: Display: Loaded TargetPlatform 'TVOSClient'
[2020.04.05-01.26.13:718][  0]LogTargetPlatformManager: Display: Loaded TargetPlatform 'TVOS'
[2020.04.05-01.26.13:724][  0]LogTargetPlatformManager: Display: Loaded TargetPlatform 'WindowsNoEditor'
[2020.04.05-01.26.13:729][  0]LogTargetPlatformManager: Display: Loaded TargetPlatform 'Windows'
[2020.04.05-01.26.13:734][  0]LogTargetPlatformManager: Display: Loaded TargetPlatform 'WindowsClient'
[2020.04.05-01.26.13:739][  0]LogTargetPlatformManager: Display: Loaded TargetPlatform 'WindowsServer'
[2020.04.05-01.26.13:739][  0]LogTargetPlatformManager: Display: Building Assets For Windows
[2020.04.05-01.26.13:762][  0]LogAudioDebug: Display: Lib vorbis DLL was dynamically loaded.
[2020.04.05-01.26.13:794][  0]LogShaderCompilers: Guid format shader working directory is 2 characters bigger than the processId version (D:/Documents/Game Projects/Project0/Project0/Intermediate/Shaders/WorkingDirectory/4868/).
[2020.04.05-01.26.13:794][  0]LogShaderCompilers: Cleaned the shader compiler working directory 'C:/Users/claud/AppData/Local/Temp/UnrealShaderWorkingDir/7D0D6E824123B9EF23A14FAF29645BB5/'.
[2020.04.05-01.26.13:795][  0]LogXGEController: Cannot use XGE Controller as Incredibuild is not installed on this machine.
[2020.04.05-01.26.13:795][  0]LogShaderCompilers: Cannot use XGE Shader Compiler as Incredibuild is not installed on this machine.
[2020.04.05-01.26.13:795][  0]LogShaderCompilers: Display: Using Local Shader Compiler.
[2020.04.05-01.26.15:533][  0]LogDerivedDataCache: Display: Max Cache Size: 512 MB
[2020.04.05-01.26.15:579][  0]LogDerivedDataCache: Loaded boot cache 0.05s 78MB C:/Users/claud/AppData/Local/UnrealEngine/4.24/DerivedDataCache/Boot.ddc.
[2020.04.05-01.26.15:579][  0]LogDerivedDataCache: Display: Loaded Boot cache: C:/Users/claud/AppData/Local/UnrealEngine/4.24/DerivedDataCache/Boot.ddc
[2020.04.05-01.26.15:579][  0]LogDerivedDataCache: FDerivedDataBackendGraph:  Pak pak cache file D:/Documents/Game Projects/Project0/Project0/DerivedDataCache/DDC.ddp not found, will not use a pak cache.
[2020.04.05-01.26.15:579][  0]LogDerivedDataCache: Unable to find inner node Pak for hierarchical cache Hierarchy.
[2020.04.05-01.26.15:579][  0]LogDerivedDataCache: FDerivedDataBackendGraph:  CompressedPak pak cache file D:/Documents/Game Projects/Project0/Project0/DerivedDataCache/Compressed.ddp not found, will not use a pak cache.
[2020.04.05-01.26.15:579][  0]LogDerivedDataCache: Unable to find inner node CompressedPak for hierarchical cache Hierarchy.
[2020.04.05-01.26.15:592][  0]LogDerivedDataCache: Display: Pak cache opened for reading ../../../Engine/DerivedDataCache/Compressed.ddp.
[2020.04.05-01.26.15:592][  0]LogDerivedDataCache: FDerivedDataBackendGraph:  EnterprisePak pak cache file ../../../Enterprise/DerivedDataCache/Compressed.ddp not found, will not use a pak cache.
[2020.04.05-01.26.15:592][  0]LogDerivedDataCache: Unable to find inner node EnterprisePak for hierarchical cache Hierarchy.
[2020.04.05-01.26.15:593][  0]LogDerivedDataCache: Using Local data cache path C:/Users/claud/AppData/Local/UnrealEngine/Common/DerivedDataCache: Writable
[2020.04.05-01.26.15:593][  0]LogDerivedDataCache: Shared data cache path not found in *engine.ini, will not use an Shared cache.
[2020.04.05-01.26.15:593][  0]LogDerivedDataCache: Unable to find inner node Shared for hierarchical cache Hierarchy.
[2020.04.05-01.26.15:612][  0]LogMaterial: Verifying Global Shaders for PCD3D_SM5
[2020.04.05-01.26.15:613][  0]LogSlate: Using FreeType 2.10.0
[2020.04.05-01.26.15:624][  0]LogSlate: SlateFontServices - WITH_FREETYPE: 1, WITH_HARFBUZZ: 1
[2020.04.05-01.26.15:740][  0]LogAssetRegistry: FAssetRegistry took 0.0018 seconds to start up
[2020.04.05-01.26.15:946][  0]LogInit: Selected Device Profile: [Windows]
[2020.04.05-01.26.16:116][  0]LogMeshReduction: Using QuadricMeshReduction for automatic static mesh reduction
[2020.04.05-01.26.16:116][  0]LogMeshReduction: Using SimplygonMeshReduction for automatic skeletal mesh reduction
[2020.04.05-01.26.16:116][  0]LogMeshReduction: Using ProxyLODMeshReduction for automatic mesh merging
[2020.04.05-01.26.16:116][  0]LogMeshReduction: No distributed automatic mesh merging module available
[2020.04.05-01.26.16:116][  0]LogMeshMerging: No distributed automatic mesh merging module available
[2020.04.05-01.26.16:139][  0]LogNetVersion: Project0 1.0.0, NetCL: 10570792, EngineNetVer: 13, GameNetVer: 0 (Checksum: 2423084365)
[2020.04.05-01.26.18:044][  0]LogPackageLocalizationCache: Processed 10 localized package path(s) for 1 prioritized culture(s) in 0.029865 seconds
[2020.04.05-01.26.18:049][  0]LogUObjectArray: 46750 objects as part of root set at end of initial load.
[2020.04.05-01.26.18:049][  0]LogUObjectAllocator: 8137160 out of 0 bytes used by permanent object pool.
[2020.04.05-01.26.18:049][  0]LogUObjectArray: CloseDisregardForGC: 0/0 objects in disregard for GC pool
[2020.04.05-01.26.18:500][  0]LogTcpMessaging: Initializing TcpMessaging bridge
[2020.04.05-01.26.18:502][  0]LogUdpMessaging: Initializing bridge on interface 0.0.0.0:0 to multicast group 230.0.0.1:6666.
[2020.04.05-01.26.18:542][  0]SourceControl: Source control is disabled
[2020.04.05-01.26.18:542][  0]SourceControl: Source control is disabled
[2020.04.05-01.26.18:543][  0]SourceControl: Source control is disabled
[2020.04.05-01.26.18:544][  0]SourceControl: Source control is disabled
[2020.04.05-01.26.18:544][  0]SourceControl: Source control is disabled
[2020.04.05-01.26.18:613][  0]LogAndroidPermission: UAndroidPermissionCallbackProxy::GetInstance
[2020.04.05-01.26.18:620][  0]LogAudioCaptureCore: Display: No Audio Capture implementations found. Audio input will be silent.
[2020.04.05-01.26.18:620][  0]LogAudioCaptureCore: Display: No Audio Capture implementations found. Audio input will be silent.
[2020.04.05-01.26.18:708][  0]LogOcInput: OculusInput pre-init called
[2020.04.05-01.26.18:713][  0]LogWindows: Failed to load 'OVRPlugin.dll' (GetLastError=126)
[2020.04.05-01.26.18:713][  0]LogWindows: File 'OVRPlugin.dll' does not exist
[2020.04.05-01.26.18:778][  0]LogEngine: Initializing Engine...
[2020.04.05-01.26.18:778][  0]LogHMD: Failed to initialize OpenVR with code 110
[2020.04.05-01.26.18:779][  0]LogStats: UGameplayTagsManager::InitializeManager -  0.000 s
[2020.04.05-01.26.19:157][  0]LogInit: Initializing FReadOnlyCVARCache
[2020.04.05-01.26.19:164][  0]LogAIModule: Creating AISystem for world Untitled
[2020.04.05-01.26.19:166][  0]LogAudioMixer: Display: Audio Mixer Platform Settings:
[2020.04.05-01.26.19:166][  0]LogAudioMixer: Display: 	Sample Rate:						  48000
[2020.04.05-01.26.19:166][  0]LogAudioMixer: Display: 	Callback Buffer Frame Size Requested: 1024
[2020.04.05-01.26.19:166][  0]LogAudioMixer: Display: 	Callback Buffer Frame Size To Use:	  1024
[2020.04.05-01.26.19:166][  0]LogAudioMixer: Display: 	Number of buffers to queue:			  2
[2020.04.05-01.26.19:166][  0]LogAudioMixer: Display: 	Max Channels (voices):				  32
[2020.04.05-01.26.19:166][  0]LogAudioMixer: Display: 	Number of Async Source Workers:		  0
[2020.04.05-01.26.19:166][  0]LogAudio: Display: AudioDevice MaxSources: 32
[2020.04.05-01.26.19:166][  0]LogAudio: Display: Using built-in audio occlusion.
[2020.04.05-01.26.19:166][  0]LogAudioMixer: Display: Initializing audio mixer.
[2020.04.05-01.26.19:225][  0]LogAudioMixer: Display: Audio Device Output Speaker Info:
[2020.04.05-01.26.19:225][  0]LogAudioMixer: Display: Name: Speakers (3- Realtek(R) Audio)
[2020.04.05-01.26.19:225][  0]LogAudioMixer: Display: Is Default: Yes
[2020.04.05-01.26.19:225][  0]LogAudioMixer: Display: Sample Rate: 48000
[2020.04.05-01.26.19:225][  0]LogAudioMixer: Display: Channel Count Used: 8
[2020.04.05-01.26.19:225][  0]LogAudioMixer: Display: Device Channel Count: 8
[2020.04.05-01.26.19:225][  0]LogAudioMixer: Display: Channel Order:
[2020.04.05-01.26.19:225][  0]LogAudioMixer: Display: 0: FrontLeft
[2020.04.05-01.26.19:225][  0]LogAudioMixer: Display: 1: FrontRight
[2020.04.05-01.26.19:225][  0]LogAudioMixer: Display: 2: FrontCenter
[2020.04.05-01.26.19:225][  0]LogAudioMixer: Display: 3: LowFrequency
[2020.04.05-01.26.19:225][  0]LogAudioMixer: Display: 4: BackLeft
[2020.04.05-01.26.19:225][  0]LogAudioMixer: Display: 5: BackRight
[2020.04.05-01.26.19:225][  0]LogAudioMixer: Display: 6: SideLeft
[2020.04.05-01.26.19:225][  0]LogAudioMixer: Display: 7: SideRight
[2020.04.05-01.26.19:375][  0]LogAudioMixer: Display: Using Audio Device Speakers (3- Realtek(R) Audio)
[2020.04.05-01.26.19:377][  0]LogInit: FAudioDevice initialized.
[2020.04.05-01.26.19:377][  0]LogNetVersion: Set ProjectVersion to 1.0.0.0. Version Checksum will be recalculated on next use.
[2020.04.05-01.26.19:429][  0]LogDerivedDataCache: Saved boot cache 0.05s 78MB C:/Users/claud/AppData/Local/UnrealEngine/4.24/DerivedDataCache/Boot.ddc.
[2020.04.05-01.26.19:432][  0]LogInit: Texture streaming: Enabled
[2020.04.05-01.26.19:439][  0]LogEngineSessionManager: EngineSessionManager initialized
[2020.04.05-01.26.19:439][  0]LogEditorSessionSummary: Verbose: Initializing EditorSessionSummaryWriter for editor session tracking
[2020.04.05-01.26.19:440][  0]LogEditorSessionSummary: EditorSessionSummaryWriter initialized
[2020.04.05-01.26.19:474][  0]LogInit: Transaction tracking system initialized
[2020.04.05-01.26.19:482][  0]BlueprintLog: New page: Editor Load
[2020.04.05-01.26.19:507][  0]LocalizationService: Localization service is disabled
[2020.04.05-01.26.19:550][  0]LogLinker: Warning: Failed to load '/Game/ThirdPersonBP/ThirdPersonOverview': Can't find file.
[2020.04.05-01.26.19:550][  0]LogLinker: Warning: Failed to load '/Game/ThirdPersonBP/ThirdPersonOverview': Can't find file.
[2020.04.05-01.26.19:550][  0]LogUObjectGlobals: Warning: Failed to find object 'Class /Game/ThirdPersonBP/ThirdPersonOverview.ThirdPersonOverview_C'
[2020.04.05-01.26.19:892][  0]LogFileCache: Scanning file cache for directory 'D:/Documents/Game Projects/Project0/Project0/Content/' took 0.00s
[2020.04.05-01.26.19:892][  0]LogCook: Display: Max memory allowance for cook 16384mb min free memory 0mb
[2020.04.05-01.26.19:892][  0]LogCook: Display: Mobile HDR setting 1
[2020.04.05-01.26.20:430][  0]SourceControl: Source control is disabled
[2020.04.05-01.26.20:553][  0]LogSlate: Took 0.003642 seconds to synchronously load lazily loaded font '../../../Engine/Content/Slate/Fonts/Roboto-Regular.ttf' (155K)
[2020.04.05-01.26.29:687][  0]LogSlate: Window 'Restore Packages' being destroyed
[2020.04.05-01.26.29:688][  0]LogWindowsTextInputMethodSystem: Display: IME system now deactivated.
[2020.04.05-01.26.29:691][  0]LogWindowsTextInputMethodSystem: Display: IME system now deactivated.
[2020.04.05-01.26.32:169][  0]LogSlate: Window 'Unable to Check Out From Source Control!' being destroyed
[2020.04.05-01.26.32:169][  0]LogWindowsTextInputMethodSystem: Display: IME system now deactivated.
[2020.04.05-01.26.32:172][  0]LogWindowsTextInputMethodSystem: Display: IME system now deactivated.
[2020.04.05-01.26.32:185][  0]Cmd: MAP LOAD FILE="../../../Engine/Content/Maps/Templates/Template_Default.umap" TEMPLATE=1 SHOWPROGRESS=1 FEATURELEVEL=3
[2020.04.05-01.26.32:189][  0]LightingResults: New page: Lighting Build
[2020.04.05-01.26.32:190][  0]LogWorld: UWorld::CleanupWorld for Untitled, bSessionEnded=true, bCleanupResources=true
[2020.04.05-01.26.32:190][  0]LogSlate: InvalidateAllWidgets triggered.  All widgets were invalidated
[2020.04.05-01.26.32:190][  0]MapCheck: New page: Map Check
[2020.04.05-01.26.32:190][  0]LightingResults: New page: Lighting Build
[2020.04.05-01.26.32:214][  0]LogUObjectHash: Compacting FUObjectHashTables data took   1.28ms
[2020.04.05-01.26.32:311][  0]LogAIModule: Creating AISystem for world Untitled_1
[2020.04.05-01.26.32:316][  0]LogEditorServer: Finished looking for orphan Actors (0.000 secs)
[2020.04.05-01.26.32:340][  0]LogUObjectHash: Compacting FUObjectHashTables data took   1.48ms
[2020.04.05-01.26.32:340][  0]Cmd: MAP CHECKDEP NOCLEARLOG
[2020.04.05-01.26.32:340][  0]MapCheck: Map check complete: 0 Error(s), 0 Warning(s), took 0.073ms to complete.
[2020.04.05-01.26.32:340][  0]LogFileHelpers: Loading map 'Template_Default' took 0.155
[2020.04.05-01.26.32:468][  0]LogSlate: Updating window title bar state: overlay mode, drag disabled, window buttons hidden, title bar hidden
[2020.04.05-01.26.32:475][  0]LogSlate: Updating window title bar state: overlay mode, drag disabled, window buttons hidden, title bar hidden
[2020.04.05-01.26.32:479][  0]LogSlate: Updating window title bar state: overlay mode, drag disabled, window buttons hidden, title bar hidden
[2020.04.05-01.26.32:484][  0]LogSlate: Updating window title bar state: overlay mode, drag disabled, window buttons hidden, title bar hidden
[2020.04.05-01.26.32:499][  0]LogCollectionManager: Loaded 0 collections in 0.001115 seconds
[2020.04.05-01.26.32:532][  0]LogFileCache: Scanning file cache for directory 'D:/Documents/Game Projects/Project0/Project0/Saved/Collections/' took 0.00s
[2020.04.05-01.26.32:532][  0]LogFileCache: Scanning file cache for directory 'D:/Documents/Game Projects/Project0/Project0/Content/Developers/claud/Collections/' took 0.00s
[2020.04.05-01.26.32:532][  0]LogFileCache: Scanning file cache for directory 'D:/Documents/Game Projects/Project0/Project0/Content/Collections/' took 0.00s
[2020.04.05-01.26.32:532][  0]LogContentBrowser: Native class hierarchy populated in 0.0066 seconds. Added 3015 classes and 717 folders.
[2020.04.05-01.26.32:543][  0]LogContentBrowser: Native class hierarchy updated for 'WidgetCarousel' in 0.0002 seconds. Added 0 classes and 0 folders.
[2020.04.05-01.26.32:859][  0]LogContentBrowser: Native class hierarchy updated for 'AddContentDialog' in 0.0002 seconds. Added 0 classes and 0 folders.
[2020.04.05-01.26.32:874][  0]LogContentBrowser: Native class hierarchy updated for 'SceneOutliner' in 0.0002 seconds. Added 2 classes and 3 folders.
[2020.04.05-01.26.32:957][  0]LogSlate: Took 0.003504 seconds to synchronously load lazily loaded font '../../../Engine/Content/Slate/Fonts/Roboto-Bold.ttf' (160K)
[2020.04.05-01.26.32:967][  0]LogSlate: Took 0.006454 seconds to synchronously load lazily loaded font '../../../Engine/Content/Editor/Slate/Fonts/FontAwesome.ttf' (139K)
[2020.04.05-01.26.33:060][  0]LogRenderer: Reallocating scene render targets to support 976x572 Format 10 NumSamples 1 (Frame:1).
[2020.04.05-01.26.33:166][  0]LogContentBrowser: Native class hierarchy updated for 'HierarchicalLODOutliner' in 0.0002 seconds. Added 0 classes and 0 folders.
[2020.04.05-01.26.33:166][  0]LogLoad: (Engine Initialization) Total time: 24.04 seconds
[2020.04.05-01.26.33:166][  0]LogLoad: (Engine Initialization) Total Blueprint compile time: 0.00 seconds
[2020.04.05-01.26.33:223][  0]LogContentStreaming: Texture pool size now 1000 MB
[2020.04.05-01.26.33:311][  0]LogSlate: Took 0.004935 seconds to synchronously load lazily loaded font '../../../Engine/Content/Slate/Fonts/Roboto-Light.ttf' (167K)
[2020.04.05-01.26.33:592][  6]LogAssetRegistry: Asset discovery search completed in 17.8522 seconds
[2020.04.05-01.26.33:596][  6]LogCollectionManager: Fixed up redirectors for 0 collections in 0.000004 seconds (updated 0 objects)
[2020.04.05-01.26.34:192][ 76]LogSlate: Took 0.000165 seconds to synchronously load lazily loaded font '../../../Engine/Content/Slate/Fonts/Roboto-Light.ttf' (167K)
[2020.04.05-01.26.37:123][372]LogAssetEditorSubsystem: Opening Asset editor for StaticMesh /Game/Assets/Grid/GridTile.GridTile
[2020.04.05-01.26.37:589][372]LogAssetEditorSubsystem: Opening Asset editor for Material /Game/Assets/Grid/MT_GridTile.MT_GridTile
[2020.04.05-01.26.37:594][372]LogMaterial: Display: Missing cached shader map for material MT_GridTile, compiling. 
[2020.04.05-01.26.37:703][372]LogMaterial: Display: Missing cached shader map for material MT_GridTile, compiling. 
[2020.04.05-01.26.37:718][372]LogShaderCompilers: Display: Worker (1/5): shaders left to compile 9
[2020.04.05-01.26.37:718][372]LogShaderCompilers: Display: Worker (2/5): shaders left to compile 8
[2020.04.05-01.26.37:718][372]LogShaderCompilers: Display: Worker (3/5): shaders left to compile 7
[2020.04.05-01.26.37:718][372]LogShaderCompilers: Display: Worker (4/5): shaders left to compile 6
[2020.04.05-01.26.37:718][372]LogMaterial: Display: Missing cached shader map for material FMatExpressionPreview MaterialExpressionVectorParameter_0, compiling. 
[2020.04.05-01.26.37:874][372]LogAssetEditorSubsystem: Opening Asset editor for Blueprint /Game/Blueprints/Grid/BP_Grid.BP_Grid
[2020.04.05-01.26.38:031][372]LogContentBrowser: Native class hierarchy updated for 'BlueprintGraph' in 0.0007 seconds. Added 121 classes and 0 folders.
[2020.04.05-01.26.38:687][372]LogShaderCompilers: Display: Worker (3/5): shaders left to compile 9
[2020.04.05-01.26.38:687][372]LogShaderCompilers: Display: Worker (4/5): shaders left to compile 8
[2020.04.05-01.26.38:687][372]LogShaderCompilers: Display: Worker (1/5): shaders left to compile 7
[2020.04.05-01.26.38:687][372]LogShaderCompilers: Display: Worker (2/5): shaders left to compile 6
[2020.04.05-01.26.38:687][372]LogShaderCompilers: Display: Worker (3/5): shaders left to compile 5
[2020.04.05-01.26.38:687][372]LogShaderCompilers: Display: Worker (4/5): shaders left to compile 4
[2020.04.05-01.26.38:687][372]LogShaderCompilers: Display: Worker (1/5): shaders left to compile 3
[2020.04.05-01.26.38:687][372]LogShaderCompilers: Display: Worker (2/5): shaders left to compile 2
[2020.04.05-01.26.38:687][372]LogShaderCompilers: Display: Worker (3/5): shaders left to compile 1
[2020.04.05-01.26.38:819][372]LogSlate: Took 0.003219 seconds to synchronously load lazily loaded font '../../../Engine/Content/Slate/Fonts/Roboto-BoldCondensed.ttf' (158K)
[2020.04.05-01.26.38:907][373]MaterialEditorStats: Base pass shader: 119 instructions
[2020.04.05-01.26.38:907][373]MaterialEditorStats: Base pass shader with Volumetric Lightmap: 193 instructions
[2020.04.05-01.26.38:907][373]MaterialEditorStats: Base pass vertex shader: 40 instructions
[2020.04.05-01.26.38:907][373]MaterialEditorStats: Texture samplers: 2/16
[2020.04.05-01.26.38:920][373]LogSlate: Took 0.004620 seconds to synchronously load lazily loaded font '../../../Engine/Content/Slate/Fonts/Roboto-Italic.ttf' (157K)
[2020.04.05-01.26.47:666][123]LogRenderer: Reallocating scene render targets to support 1152x748 Format 10 NumSamples 1 (Frame:1).
[2020.04.05-01.26.49:155][290]LogRenderer: Reallocating scene render targets to support 1152x756 Format 10 NumSamples 1 (Frame:91).
[2020.04.05-01.26.49:314][302]LogRenderer: Reallocating scene render targets to support 1464x920 Format 10 NumSamples 1 (Frame:99).
[2020.04.05-01.26.49:575][333]LogSlate: Window 'GridTile' being destroyed
[2020.04.05-01.27.07:483][331]LogAIModule: Creating AISystem for world Pathfinding
[2020.04.05-01.27.07:486][331]LogAssetEditorSubsystem: Opening Asset editor for World /Game/Maps/Pathfinding.Pathfinding
[2020.04.05-01.27.07:517][331]LogUObjectHash: Compacting FUObjectHashTables data took   2.45ms
[2020.04.05-01.27.07:520][331]Cmd: MAP LOAD FILE="D:/Documents/Game Projects/Project0/Project0/Content/Maps/Pathfinding.umap" TEMPLATE=0 SHOWPROGRESS=1 FEATURELEVEL=3
[2020.04.05-01.27.07:520][331]LightingResults: New page: Lighting Build
[2020.04.05-01.27.07:520][331]LoadErrors: New page: Loading map: Pathfinding.umap
[2020.04.05-01.27.07:520][331]LogWorld: UWorld::CleanupWorld for Untitled_1, bSessionEnded=true, bCleanupResources=true
[2020.04.05-01.27.07:520][331]LogSlate: InvalidateAllWidgets triggered.  All widgets were invalidated
[2020.04.05-01.27.07:520][331]MapCheck: New page: Map Check
[2020.04.05-01.27.07:520][331]LightingResults: New page: Lighting Build
[2020.04.05-01.27.07:551][331]LogUObjectHash: Compacting FUObjectHashTables data took   1.98ms
[2020.04.05-01.27.07:561][331]LogEditorServer: Finished looking for orphan Actors (0.000 secs)
[2020.04.05-01.27.07:592][331]LogUObjectHash: Compacting FUObjectHashTables data took   1.83ms
[2020.04.05-01.27.07:608][331]Cmd: MAP CHECKDEP NOCLEARLOG
[2020.04.05-01.27.07:608][331]MapCheck: Map check complete: 0 Error(s), 0 Warning(s), took 0.052ms to complete.
[2020.04.05-01.27.07:608][331]LogFileHelpers: Loading map 'Pathfinding' took 0.089
[2020.04.05-01.27.24:646][904]LogWorld: UWorld::CleanupWorld for World_0, bSessionEnded=true, bCleanupResources=true
[2020.04.05-01.27.24:646][904]LogSlate: InvalidateAllWidgets triggered.  All widgets were invalidated
[2020.04.05-01.27.31:546][533]LogMaterialEditor: Saving and Compiling material MT_GridTile
[2020.04.05-01.27.31:894][533]LogMaterial: Display: Missing cached shader map for material MT_GridTile, compiling. 
[2020.04.05-01.27.31:940][533]LogShaderCompilers: Display: Worker (1/5): shaders left to compile 9
[2020.04.05-01.27.31:940][533]LogShaderCompilers: Display: Worker (2/5): shaders left to compile 8
[2020.04.05-01.27.31:940][533]LogShaderCompilers: Display: Worker (3/5): shaders left to compile 7
[2020.04.05-01.27.31:940][533]LogShaderCompilers: Display: Worker (4/5): shaders left to compile 6
[2020.04.05-01.27.31:953][533]LogMaterial: Display: Missing cached shader map for material MT_GridTile, compiling. 
[2020.04.05-01.27.32:002][533]LogUObjectHash: Compacting FUObjectHashTables data took   2.72ms
[2020.04.05-01.27.32:015][533]LogMaterial: Display: Missing cached shader map for material DebugViewMode MaterialTexCoordScale, compiling. 
[2020.04.05-01.27.32:842][533]LogShaderCompilers: Display: Worker (3/5): shaders left to compile 22
[2020.04.05-01.27.32:842][533]LogShaderCompilers: Display: Worker (4/5): shaders left to compile 21
[2020.04.05-01.27.32:842][533]LogShaderCompilers: Display: Worker (1/5): shaders left to compile 20
[2020.04.05-01.27.32:842][533]LogShaderCompilers: Display: Worker (2/5): shaders left to compile 19
[2020.04.05-01.27.32:842][533]LogShaderCompilers: Display: Worker (3/5): shaders left to compile 18
[2020.04.05-01.27.32:842][533]LogShaderCompilers: Display: Worker (4/5): shaders left to compile 17
[2020.04.05-01.27.32:842][533]LogShaderCompilers: Display: Worker (1/5): shaders left to compile 16
[2020.04.05-01.27.32:842][533]LogShaderCompilers: Display: Worker (4/5): shaders left to compile 15
[2020.04.05-01.27.32:842][533]LogShaderCompilers: Display: Worker (2/5): shaders left to compile 11
[2020.04.05-01.27.32:842][533]LogShaderCompilers: Display: Worker (3/5): shaders left to compile 8
[2020.04.05-01.27.32:842][533]LogShaderCompilers: Display: Worker (1/5): shaders left to compile 5
[2020.04.05-01.27.32:850][533]TextureStreamingBuild: Display: Compiling optional shaders took 0.846 seconds.
[2020.04.05-01.27.32:883][533]LogUObjectHash: Compacting FUObjectHashTables data took   0.70ms
[2020.04.05-01.27.33:910][533]LogShaderCompilers: Display: Worker (1/5): shaders left to compile 3
[2020.04.05-01.27.33:910][533]LogShaderCompilers: Display: Worker (2/5): shaders left to compile 2
[2020.04.05-01.27.33:910][533]LogShaderCompilers: Display: Worker (4/5): shaders left to compile 1
[2020.04.05-01.27.33:944][533]Cmd: OBJ SAVEPACKAGE PACKAGE="/Game/Assets/Grid/MT_GridTile" FILE="D:/Documents/Game Projects/Project0/Project0/Content/Assets/Grid/MT_GridTile.uasset" SILENT=true
[2020.04.05-01.27.33:961][533]LogSavePackage: Moving 'D:/Documents/Game Projects/Project0/Project0/Saved/MT_GridTile12269DC343126D954FEAF1BC02296218.tmp' to 'D:/Documents/Game Projects/Project0/Project0/Content/Assets/Grid/MT_GridTile.uasset'
[2020.04.05-01.27.33:996][533]AssetCheck: New page: Asset Save: MT_GridTile
[2020.04.05-01.27.33:997][533]LogContentValidation: Display: Validating Material /Game/Assets/Grid/MT_GridTile.MT_GridTile
[2020.04.05-01.27.34:001][533]MaterialEditorStats: Base pass shader: 119 instructions
[2020.04.05-01.27.34:001][533]MaterialEditorStats: Base pass shader with Volumetric Lightmap: 193 instructions
[2020.04.05-01.27.34:001][533]MaterialEditorStats: Base pass vertex shader: 40 instructions
[2020.04.05-01.27.34:001][533]MaterialEditorStats: Texture samplers: 3/16
